Change Component Designator: Old Designator=C6 New Designator=C16
Change Component Designator: Old Designator=C7 New Designator=C17
Change Component Designator: Old Designator=C8 New Designator=C18
Change Component Designator: Old Designator=C9 New Designator=C19
Change Component Designator: Old Designator=C12 New Designator=C6
Change Component Designator: Old Designator=C13 New Designator=C7
Change Component Designator: Old Designator=C14 New Designator=C8
Change Component Designator: Old Designator=C15 New Designator=C9
Change Component Designator: Old Designator=C16 New Designator=C10
Change Component Designator: Old Designator=C17 New Designator=C11
Change Component Designator: Old Designator=C18 New Designator=C12
Change Component Designator: Old Designator=C19 New Designator=C13
Change Component Designator: Old Designator=C20 New Designator=C14
Change Component Designator: Old Designator=C21 New Designator=C15
Change Component Designator: Old Designator=D9 New Designator=D10
Change Component Designator: Old Designator=D10 New Designator=D11
Change Component Designator: Old Designator=D11 New Designator=D9
Change Component Designator: Old Designator=J3 Device In Conn. New Designator=J3
Change Component Designator: Old Designator=J4 PICKit Conn. New Designator=J4
Change Component Designator: Old Designator=J5 MCU Conn. New Designator=J5
Change Component Designator: Old Designator=Q4 New Designator=Q5
Change Component Designator: Old Designator=Q5 New Designator=Q7
Change Component Designator: Old Designator=Q6 New Designator=Q8
Change Component Designator: Old Designator=Q10 New Designator=Q4
Change Component Designator: Old Designator=Q11 New Designator=Q9
Change Component Designator: Old Designator=Q12 New Designator=Q6
Change Component Designator: Old Designator=R12 New Designator=R17
Change Component Designator: Old Designator=R13 New Designator=R18
Change Component Designator: Old Designator=R14 New Designator=R23
Change Component Designator: Old Designator=R15 New Designator=R24
Change Component Designator: Old Designator=R16 New Designator=R20
Change Component Designator: Old Designator=R17 New Designator=R29
Change Component Designator: Old Designator=R18 New Designator=R31
Change Component Designator: Old Designator=R19 New Designator=R32
Change Component Designator: Old Designator=R20 New Designator=R34
Change Component Designator: Old Designator=R21 New Designator=R35
Change Component Designator: Old Designator=R29 New Designator=R33
Change Component Designator: Old Designator=R30 New Designator=R25
Change Component Designator: Old Designator=R31 New Designator=R26
Change Component Designator: Old Designator=R34 New Designator=R22
Change Component Designator: Old Designator=R35 New Designator=R30
Change Component Designator: Old Designator=R38 New Designator=R14
Change Component Designator: Old Designator=R39 New Designator=R15
Change Component Designator: Old Designator=R40 New Designator=R19
Change Component Designator: Old Designator=R41 New Designator=R21
Change Component Designator: Old Designator=R42 New Designator=R27
Change Component Designator: Old Designator=R43 New Designator=R28
Change Component Designator: Old Designator=R44 New Designator=R16
