Removed Pin From Net: NetName=NetC10_1 Pin=C10-1
Removed Pin From Net: NetName=NetC11_1 Pin=J1 Debug-5
Removed Pin From Net: NetName=NetC11_1 Pin=R5-2
Removed Pin From Net: NetName=NetC11_1 Pin=U1-6
Removed Pin From Net: NetName=NetC10_1 Pin=VR1-2
Change Component Designator: OldDesignator=J1 Debug NewDesignator=J1
Change Net Name : Old Net Name=NetC10_1 New Net Name=tempMeas/ICSPDAT
Added Pin To Net: NetName=debugSwitch Pin=U1-3
Added Net: Name=debugSwitch
Added Pin To Net: NetName=sound Pin=R3-2
Added Pin To Net: NetName=sound Pin=U1-5
Added Net: Name=sound
Added Pin To Net: NetName=voltMeas/ICSPCLK Pin=J1-5
Added Pin To Net: NetName=voltMeas/ICSPCLK Pin=R5-2
Added Pin To Net: NetName=voltMeas/ICSPCLK Pin=U1-6
Added Net: Name=voltMeas/ICSPCLK
Added Pin To Net: NetName=Vpp/MCLR Pin=J1-1
Added Pin To Net: NetName=Vpp/MCLR Pin=R1-1
Added Pin To Net: NetName=Vpp/MCLR Pin=U1-4
Added Net: Name=Vpp/MCLR
Added Room: Name=Filter
Added Room: Name=measureSignals
Added Room: Name=power
Added Room: Name=uCCtrl
