Removed Member From Class: ClassName=uCCtrl Member=R9
Removed Member From Class: ClassName=Filter Member=R34
Removed Member From Class: ClassName=Filter Member=R42
Removed Member From Class: ClassName=Filter Member=R43
Change Component Designator: OldDesignator=C6 NewDesignator=C18
Change Component Designator: OldDesignator=C7 NewDesignator=C19
Change Component Designator: OldDesignator=C8 NewDesignator=C20
Change Component Designator: OldDesignator=C9 NewDesignator=C21
Change Component Designator: OldDesignator=C10 NewDesignator=C6
Change Component Designator: OldDesignator=C11 NewDesignator=C7
Change Component Designator: OldDesignator=C12 NewDesignator=C8
Change Component Designator: OldDesignator=C13 NewDesignator=C9
Change Component Designator: OldDesignator=C14 NewDesignator=C10
Change Component Designator: OldDesignator=C15 NewDesignator=C11
Change Component Designator: OldDesignator=C16 NewDesignator=C12
Change Component Designator: OldDesignator=C17 NewDesignator=C13
Change Component Designator: OldDesignator=C18 NewDesignator=C14
Change Component Designator: OldDesignator=C19 NewDesignator=C15
Change Component Designator: OldDesignator=C20 NewDesignator=C16
Change Component Designator: OldDesignator=C21 NewDesignator=C17
Change Component Designator: OldDesignator=D1 NewDesignator=D5
Change Component Designator: OldDesignator=D2 NewDesignator=D6
Change Component Designator: OldDesignator=D3 NewDesignator=D1
Change Component Designator: OldDesignator=D4 NewDesignator=D2
Change Component Designator: OldDesignator=D5 NewDesignator=D3
Change Component Designator: OldDesignator=D6 NewDesignator=D4
Change Component Designator: OldDesignator=D9 NewDesignator=D10
Change Component Designator: OldDesignator=D10 NewDesignator=D11
Change Component Designator: OldDesignator=D11 NewDesignator=D9
Change Component Designator: OldDesignator=J1 NewDesignator=J2
Change Component Designator: OldDesignator=J2 NewDesignator=J1
Change Component Designator: OldDesignator=J3 Device In Conn. NewDesignator=J3
Change Component Designator: OldDesignator=J4 PICKit Conn. NewDesignator=J4
Change Component Designator: OldDesignator=J5 MCU Conn. NewDesignator=J5
Change Component Designator: OldDesignator=Q3 NewDesignator=Q6
Change Component Designator: OldDesignator=Q4 NewDesignator=Q8
Change Component Designator: OldDesignator=Q5 NewDesignator=Q10
Change Component Designator: OldDesignator=Q6 NewDesignator=Q11
Change Component Designator: OldDesignator=Q7 NewDesignator=Q3
Change Component Designator: OldDesignator=Q8 NewDesignator=Q4
Change Component Designator: OldDesignator=Q9 NewDesignator=Q5
Change Component Designator: OldDesignator=Q10 NewDesignator=Q7
Change Component Designator: OldDesignator=Q11 NewDesignator=Q12
Change Component Designator: OldDesignator=Q12 NewDesignator=Q9
Change Component Designator: OldDesignator=R1 NewDesignator=R4
Change Component Designator: OldDesignator=R2 NewDesignator=R5
Change Component Designator: OldDesignator=R3 NewDesignator=R6
Change Component Designator: OldDesignator=R4 NewDesignator=R8
Change Component Designator: OldDesignator=R5 NewDesignator=R9
Change Component Designator: OldDesignator=R6 NewDesignator=R11
Change Component Designator: OldDesignator=R7 NewDesignator=R12
Change Component Designator: OldDesignator=R8 NewDesignator=R13
Change Component Designator: OldDesignator=R9 NewDesignator=R7
Change Component Designator: OldDesignator=R11 NewDesignator=R1
Change Component Designator: OldDesignator=R12 NewDesignator=R25
Change Component Designator: OldDesignator=R13 NewDesignator=R26
Change Component Designator: OldDesignator=R14 NewDesignator=R31
Change Component Designator: OldDesignator=R15 NewDesignator=R32
Change Component Designator: OldDesignator=R16 NewDesignator=R28
Change Component Designator: OldDesignator=R17 NewDesignator=R37
Change Component Designator: OldDesignator=R18 NewDesignator=R39
Change Component Designator: OldDesignator=R19 NewDesignator=R40
Change Component Designator: OldDesignator=R20 NewDesignator=R42
Change Component Designator: OldDesignator=R21 NewDesignator=R43
Change Component Designator: OldDesignator=R22 NewDesignator=R14
Change Component Designator: OldDesignator=R23 NewDesignator=R15
Change Component Designator: OldDesignator=R24 NewDesignator=R16
Change Component Designator: OldDesignator=R25 NewDesignator=R17
Change Component Designator: OldDesignator=R26 NewDesignator=R18
Change Component Designator: OldDesignator=R27 NewDesignator=R19
Change Component Designator: OldDesignator=R28 NewDesignator=R20
Change Component Designator: OldDesignator=R29 NewDesignator=R41
Change Component Designator: OldDesignator=R30 NewDesignator=R33
Change Component Designator: OldDesignator=R31 NewDesignator=R34
Change Component Designator: OldDesignator=R32 NewDesignator=R2
Change Component Designator: OldDesignator=R33 NewDesignator=R3
Change Component Designator: OldDesignator=R34 NewDesignator=R30
Change Component Designator: OldDesignator=R35 NewDesignator=R38
Change Component Designator: OldDesignator=R36 NewDesignator=R44
Change Component Designator: OldDesignator=R37 NewDesignator=R21
Change Component Designator: OldDesignator=R38 NewDesignator=R22
Change Component Designator: OldDesignator=R39 NewDesignator=R23
Change Component Designator: OldDesignator=R40 NewDesignator=R27
Change Component Designator: OldDesignator=R41 NewDesignator=R29
Change Component Designator: OldDesignator=R42 NewDesignator=R35
Change Component Designator: OldDesignator=R43 NewDesignator=R36
Change Component Designator: OldDesignator=R44 NewDesignator=R24
Change Net Name : Old Net Name=NetC6_1 New Net Name=NetC18_1
Change Net Name : Old Net Name=NetC6_2 New Net Name=NetC18_2
Change Net Name : Old Net Name=NetC7_1 New Net Name=NetC19_1
Change Net Name : Old Net Name=NetC8_1 New Net Name=NetC20_1
Change Net Name : Old Net Name=NetC8_2 New Net Name=NetC20_2
Change Net Name : Old Net Name=NetC9_1 New Net Name=NetC21_1
Change Net Name : Old Net Name=NetC10_2 New Net Name=NetC6_2
Change Net Name : Old Net Name=NetD1_2 New Net Name=NetD5_2
Change Net Name : Old Net Name=NetD2_2 New Net Name=NetD6_2
Change Net Name : Old Net Name=NetD3_1 New Net Name=NetD1_1
Change Net Name : Old Net Name=NetD4_2 New Net Name=NetD2_2
Change Net Name : Old Net Name=NetD6_2 New Net Name=NetD4_2
Change Net Name : Old Net Name=NetD9_2 New Net Name=NetD10_2
Change Net Name : Old Net Name=NetD10_2 New Net Name=NetD11_2
Change Net Name : Old Net Name=NetJ1_4 New Net Name=NetJ2_4
Change Net Name : Old Net Name=NetJ1_5 New Net Name=NetJ2_5
Change Net Name : Old Net Name=NetQ3_1 New Net Name=NetQ6_1
Change Net Name : Old Net Name=NetQ4_1 New Net Name=NetQ8_1
Change Net Name : Old Net Name=NetQ5_1 New Net Name=NetQ10_1
Change Net Name : Old Net Name=NetQ6_1 New Net Name=NetQ11_1
Change Net Name : Old Net Name=NetQ7_1 New Net Name=NetQ3_1
Change Net Name : Old Net Name=NetQ7_3 New Net Name=NetQ3_3
Change Net Name : Old Net Name=NetQ8_1 New Net Name=NetQ4_1
Change Net Name : Old Net Name=NetQ8_3 New Net Name=NetQ4_3
Change Net Name : Old Net Name=NetQ9_1 New Net Name=NetQ5_1
Change Net Name : Old Net Name=NetQ10_1 New Net Name=NetQ7_1
Change Net Name : Old Net Name=NetQ11_1 New Net Name=NetQ12_1
Change Net Name : Old Net Name=NetQ12_1 New Net Name=NetQ9_1
Change Net Name : Old Net Name=NetQ12_3 New Net Name=NetQ9_3
Change Net Name : Old Net Name=NetR6_1 New Net Name=NetR10_1
Added Member To Class: ClassName=uCCtrl Member=Component R12 360R
Added Member To Class: ClassName=Filter Member=Component R33 100K
Added Member To Class: ClassName=Filter Member=Component R38 10K
Added Member To Class: ClassName=Filter Member=Component R44 10K
